<?xml version="1.0" encoding="UTF-8"?>
<testsuite name="com.fse.user.UserApplicationTests" tests="1" skipped="0" failures="0" errors="0" timestamp="2022-07-08T12:45:38" hostname="CTSJAVA48" time="0.185">
  <properties/>
  <testcase name="contextLoads()" classname="com.fse.user.UserApplicationTests" time="0.185"/>
  <system-out><![CDATA[18:15:30.982 [Test worker] DEBUG org.springframework.test.context.BootstrapUtils - Instantiating CacheAwareContextLoaderDelegate from class [org.springframework.test.context.cache.DefaultCacheAwareContextLoaderDelegate]
18:15:31.003 [Test worker] DEBUG org.springframework.test.context.BootstrapUtils - Instantiating BootstrapContext using constructor [public org.springframework.test.context.support.DefaultBootstrapContext(java.lang.Class,org.springframework.test.context.CacheAwareContextLoaderDelegate)]
18:15:31.058 [Test worker] DEBUG org.springframework.test.context.BootstrapUtils - Instantiating TestContextBootstrapper for test class [com.fse.user.UserApplicationTests] from class [org.springframework.boot.test.context.SpringBootTestContextBootstrapper]
18:15:31.076 [Test worker] INFO org.springframework.boot.test.context.SpringBootTestContextBootstrapper - Neither @ContextConfiguration nor @ContextHierarchy found for test class [com.fse.user.UserApplicationTests], using SpringBootContextLoader
18:15:31.083 [Test worker] DEBUG org.springframework.test.context.support.AbstractContextLoader - Did not detect default resource location for test class [com.fse.user.UserApplicationTests]: class path resource [com/fse/user/UserApplicationTests-context.xml] does not exist
18:15:31.084 [Test worker] DEBUG org.springframework.test.context.support.AbstractContextLoader - Did not detect default resource location for test class [com.fse.user.UserApplicationTests]: class path resource [com/fse/user/UserApplicationTestsContext.groovy] does not exist
18:15:31.084 [Test worker] INFO org.springframework.test.context.support.AbstractContextLoader - Could not detect default resource locations for test class [com.fse.user.UserApplicationTests]: no resource found for suffixes {-context.xml, Context.groovy}.
18:15:31.085 [Test worker] INFO org.springframework.test.context.support.AnnotationConfigContextLoaderUtils - Could not detect default configuration classes for test class [com.fse.user.UserApplicationTests]: UserApplicationTests does not declare any static, non-private, non-final, nested classes annotated with @Configuration.
18:15:31.158 [Test worker] DEBUG org.springframework.test.context.support.ActiveProfilesUtils - Could not find an 'annotation declaring class' for annotation type [org.springframework.test.context.ActiveProfiles] and class [com.fse.user.UserApplicationTests]
18:15:31.258 [Test worker] DEBUG org.springframework.context.annotation.ClassPathScanningCandidateComponentProvider - Identified candidate component class: file [C:\Users\cogjava375\IdeaProjects\user-service\build\classes\java\main\com\fse\user\UserApplication.class]
18:15:31.260 [Test worker] INFO org.springframework.boot.test.context.SpringBootTestContextBootstrapper - Found @SpringBootConfiguration com.fse.user.UserApplication for test class com.fse.user.UserApplicationTests
18:15:31.429 [Test worker] DEBUG org.springframework.boot.test.context.SpringBootTestContextBootstrapper - @TestExecutionListeners is not present for class [com.fse.user.UserApplicationTests]: using defaults.
18:15:31.430 [Test worker] INFO org.springframework.boot.test.context.SpringBootTestContextBootstrapper - Loaded default TestExecutionListener class names from location [META-INF/spring.factories]: [org.springframework.boot.test.autoconfigure.restdocs.RestDocsTestExecutionListener, org.springframework.boot.test.autoconfigure.web.client.MockRestServiceServerResetTestExecutionListener, org.springframework.boot.test.autoconfigure.web.servlet.MockMvcPrintOnlyOnFailureTestExecutionListener, org.springframework.boot.test.autoconfigure.web.servlet.WebDriverTestExecutionListener, org.springframework.boot.test.autoconfigure.webservices.client.MockWebServiceServerTestExecutionListener, org.springframework.boot.test.mock.mockito.MockitoTestExecutionListener, org.springframework.boot.test.mock.mockito.ResetMocksTestExecutionListener, org.springframework.test.context.web.ServletTestExecutionListener, org.springframework.test.context.support.DirtiesContextBeforeModesTestExecutionListener, org.springframework.test.context.event.ApplicationEventsTestExecutionListener, org.springframework.test.context.support.DependencyInjectionTestExecutionListener, org.springframework.test.context.support.DirtiesContextTestExecutionListener, org.springframework.test.context.transaction.TransactionalTestExecutionListener, org.springframework.test.context.jdbc.SqlScriptsTestExecutionListener, org.springframework.test.context.event.EventPublishingTestExecutionListener]
18:15:31.477 [Test worker] INFO org.springframework.boot.test.context.SpringBootTestContextBootstrapper - Using TestExecutionListeners: [org.springframework.test.context.web.ServletTestExecutionListener@213e3629, org.springframework.test.context.support.DirtiesContextBeforeModesTestExecutionListener@4e9658b5, org.springframework.test.context.event.ApplicationEventsTestExecutionListener@2a7b6f69, org.springframework.boot.test.mock.mockito.MockitoTestExecutionListener@20312893, org.springframework.boot.test.autoconfigure.SpringBootDependencyInjectionTestExecutionListener@70eecdc2, org.springframework.test.context.support.DirtiesContextTestExecutionListener@c41709a, org.springframework.test.context.transaction.TransactionalTestExecutionListener@7db0565c, org.springframework.test.context.jdbc.SqlScriptsTestExecutionListener@54ec8cc9, org.springframework.test.context.event.EventPublishingTestExecutionListener@52eacb4b, org.springframework.boot.test.autoconfigure.restdocs.RestDocsTestExecutionListener@5528a42c, org.springframework.boot.test.autoconfigure.web.client.MockRestServiceServerResetTestExecutionListener@2a551a63, org.springframework.boot.test.autoconfigure.web.servlet.MockMvcPrintOnlyOnFailureTestExecutionListener@1a6f5124, org.springframework.boot.test.autoconfigure.web.servlet.WebDriverTestExecutionListener@1edb61b1, org.springframework.boot.test.autoconfigure.webservices.client.MockWebServiceServerTestExecutionListener@ec2bf82, org.springframework.boot.test.mock.mockito.ResetMocksTestExecutionListener@cc62a3b]
18:15:31.482 [Test worker] DEBUG org.springframework.test.context.support.AbstractDirtiesContextTestExecutionListener - Before test class: context [DefaultTestContext@72bca894 testClass = UserApplicationTests, testInstance = [null], testMethod = [null], testException = [null], mergedContextConfiguration = [WebMergedContextConfiguration@433ffad1 testClass = UserApplicationTests, locations = '{}', classes = '{class com.fse.user.UserApplication}', contextInitializerClasses = '[]', activeProfiles = '{}', propertySourceLocations = '{}', propertySourceProperties = '{org.springframework.boot.test.context.SpringBootTestContextBootstrapper=true}', contextCustomizers = set[org.springframework.boot.test.autoconfigure.actuate.metrics.MetricsExportContextCustomizerFactory$DisableMetricExportContextCustomizer@7c541c15, org.springframework.boot.test.autoconfigure.properties.PropertyMappingContextCustomizer@0, org.springframework.boot.test.autoconfigure.web.servlet.WebDriverContextCustomizerFactory$Customizer@7516e4e5, org.springframework.boot.test.context.filter.ExcludeFilterContextCustomizer@3e7634b9, org.springframework.boot.test.json.DuplicateJsonObjectContextCustomizerFactory$DuplicateJsonObjectContextCustomizer@abf688e, org.springframework.boot.test.mock.mockito.MockitoContextCustomizer@0, org.springframework.boot.test.web.client.TestRestTemplateContextCustomizer@607fbe09, org.springframework.boot.test.context.SpringBootTestArgs@1, org.springframework.boot.test.context.SpringBootTestWebEnvironment@62656be4], resourceBasePath = 'src/main/webapp', contextLoader = 'org.springframework.boot.test.context.SpringBootContextLoader', parent = [null]], attributes = map['org.springframework.test.context.web.ServletTestExecutionListener.activateListener' -> true]], class annotated with @DirtiesContext [false] with mode [null].

  .   ____          _            __ _ _
 /\\ / ___'_ __ _ _(_)_ __  __ _ \ \ \ \
( ( )\___ | '_ | '_| | '_ \/ _` | \ \ \ \
 \\/  ___)| |_)| | | | | || (_| |  ) ) ) )
  '  |____| .__|_| |_|_| |_\__, | / / / /
 =========|_|==============|___/=/_/_/_/
 :: Spring Boot ::                (v2.7.1)

2022-07-08 18:15:32.207  INFO 13888 --- [    Test worker] com.fse.user.UserApplicationTests        : Starting UserApplicationTests using Java 11.0.12 on ctsjava48 with PID 13888 (started by cogjava375 in C:\Users\cogjava375\IdeaProjects\user-service)
2022-07-08 18:15:32.209  INFO 13888 --- [    Test worker] com.fse.user.UserApplicationTests        : No active profile set, falling back to 1 default profile: "default"
2022-07-08 18:15:32.265 DEBUG 13888 --- [    Test worker] o.s.w.c.s.GenericWebApplicationContext   : Refreshing org.springframework.web.context.support.GenericWebApplicationContext@6e0cff20
2022-07-08 18:15:33.336  INFO 13888 --- [    Test worker] .s.d.r.c.RepositoryConfigurationDelegate : Bootstrapping Spring Data JPA repositories in DEFAULT mode.
2022-07-08 18:15:33.433  INFO 13888 --- [    Test worker] .s.d.r.c.RepositoryConfigurationDelegate : Finished Spring Data repository scanning in 81 ms. Found 1 JPA repository interfaces.
2022-07-08 18:15:34.365  INFO 13888 --- [    Test worker] o.hibernate.jpa.internal.util.LogHelper  : HHH000204: Processing PersistenceUnitInfo [name: default]
2022-07-08 18:15:34.466  INFO 13888 --- [    Test worker] org.hibernate.Version                    : HHH000412: Hibernate ORM core version 5.6.9.Final
2022-07-08 18:15:34.781  INFO 13888 --- [    Test worker] o.hibernate.annotations.common.Version   : HCANN000001: Hibernate Commons Annotations {5.1.2.Final}
2022-07-08 18:15:34.985  INFO 13888 --- [    Test worker] com.zaxxer.hikari.HikariDataSource       : HikariPool-1 - Starting...
2022-07-08 18:15:35.193  INFO 13888 --- [    Test worker] com.zaxxer.hikari.HikariDataSource       : HikariPool-1 - Start completed.
2022-07-08 18:15:35.257  INFO 13888 --- [    Test worker] org.hibernate.dialect.Dialect            : HHH000400: Using dialect: org.hibernate.dialect.PostgreSQL10Dialect
2022-07-08 18:15:36.233  INFO 13888 --- [    Test worker] o.h.e.t.j.p.i.JtaPlatformInitiator       : HHH000490: Using JtaPlatform implementation: [org.hibernate.engine.transaction.jta.platform.internal.NoJtaPlatform]
2022-07-08 18:15:36.249  INFO 13888 --- [    Test worker] j.LocalContainerEntityManagerFactoryBean : Initialized JPA EntityManagerFactory for persistence unit 'default'
2022-07-08 18:15:37.080  WARN 13888 --- [    Test worker] JpaBaseConfiguration$JpaWebConfiguration : spring.jpa.open-in-view is enabled by default. Therefore, database queries may be performed during view rendering. Explicitly configure spring.jpa.open-in-view to disable this warning
2022-07-08 18:15:37.446 DEBUG 13888 --- [    Test worker] s.w.s.m.m.a.RequestMappingHandlerAdapter : ControllerAdvice beans: 0 @ModelAttribute, 0 @InitBinder, 1 RequestBodyAdvice, 1 ResponseBodyAdvice
2022-07-08 18:15:37.630 DEBUG 13888 --- [    Test worker] s.w.s.m.m.a.RequestMappingHandlerMapping : 6 mappings in 'requestMappingHandlerMapping'
2022-07-08 18:15:37.702 DEBUG 13888 --- [    Test worker] o.s.w.s.handler.SimpleUrlHandlerMapping  : Patterns [/webjars/**, /**] in 'resourceHandlerMapping'
2022-07-08 18:15:37.728 DEBUG 13888 --- [    Test worker] .m.m.a.ExceptionHandlerExceptionResolver : ControllerAdvice beans: 0 @ExceptionHandler, 1 ResponseBodyAdvice
2022-07-08 18:15:37.983  INFO 13888 --- [    Test worker] com.fse.user.UserApplicationTests        : Started UserApplicationTests in 6.44 seconds (JVM running for 8.61)
]]></system-out>
  <system-err><![CDATA[]]></system-err>
</testsuite>
